<?xml version="1.0" encoding="UTF-8"?>
<!-- Generated by org.testng.reporters.JUnitXMLReporter -->
<testsuite ignored="0" hostname="DESKTOP-VNAON2C" failures="1" tests="6" name="GCR Shop Categories Test_chrome" time="36.792" errors="0" timestamp="2024-01-10T19:58:33 IST">
  <testcase classname="com.qa.adminTest.CategoriesTest" name="createNewCategory" time="7.427"/>
  <testcase classname="com.qa.adminTest.CategoriesTest" name="updateCategory" time="4.312"/>
  <testcase classname="com.qa.adminTest.CategoriesTest" name="deleteCategory" time="3.997"/>
  <testcase classname="com.qa.adminTest.CategoriesTest" name="addSubcategoryInCategory" time="6.866"/>
  <testcase classname="com.qa.adminTest.CategoriesTest" name="updateSubcategory" time="4.503"/>
  <testcase classname="com.qa.adminTest.CategoriesTest" name="deleteSubcategory" time="7.572">
    <failure type="java.lang.AssertionError" message="expected [true] but found [false]">
      <![CDATA[java.lang.AssertionError: expected [true] but found [false]
at com.qa.adminTest.CategoriesTest.deleteSubcategory(CategoriesTest.java:214)
at java.base/java.util.ArrayList.forEach(ArrayList.java:1541)
at java.base/java.util.concurrent.FutureTask.run(FutureTask.java:264)
at java.base/java.util.concurrent.ThreadPoolExecutor.runWorker(ThreadPoolExecutor.java:1128)
at java.base/java.util.concurrent.ThreadPoolExecutor$Worker.run(ThreadPoolExecutor.java:628)
at java.base/java.lang.Thread.run(Thread.java:834)
... Removed 21 stack frames]]>
    </failure>
  </testcase> <!-- deleteSubcategory -->
</testsuite> <!-- GCR Shop Categories Test_chrome -->
