<?xml version="1.0" encoding="UTF-8"?>
<!-- Generated by org.testng.reporters.JUnitXMLReporter -->
<testsuite ignored="6" hostname="DESKTOP-VNAON2C" failures="2" tests="2" name="GCR Shop Admin Test_chrome" time="21.104" errors="0" timestamp="2024-01-12T15:16:53 IST">
  <testcase classname="com.qa.adminTest.AdminLoginTest" name="login_Test" time="9.101">
    <failure type="com.microsoft.playwright.PlaywrightException" message="Error {
  message=&amp;apos;net::ERR_NAME_NOT_RESOLVED at http://gcreddy.com/project/admin/login.php
=========================== logs ===========================
navigating to &amp;quot;http://gcreddy.com/project/admin/login.php&amp;quot;, waiting until &amp;quot;load&amp;quot;
============================================================
  name=&amp;apos;Error
  stack=&amp;apos;Error: net::ERR_NAME_NOT_RESOLVED at http://gcreddy.com/project/admin/login.php
=========================== logs ===========================
navigating to &amp;quot;http://gcreddy.com/project/admin/login.php&amp;quot;, waiting until &amp;quot;load&amp;quot;
============================================================
    at FrameSession._navigate (C:\Users\DELL\AppData\Local\Temp\playwright-java-2541282771639552651\package\lib\server\chromium\crPage.js:506:35)
    at async Frame._gotoAction (C:\Users\DELL\AppData\Local\Temp\playwright-java-2541282771639552651\package\lib\server\frames.js:534:28)
}">
      <![CDATA[com.microsoft.playwright.PlaywrightException: Error {
  message='net::ERR_NAME_NOT_RESOLVED at http://gcreddy.com/project/admin/login.php
=========================== logs ===========================
navigating to "http://gcreddy.com/project/admin/login.php", waiting until "load"
============================================================
  name='Error
  stack='Error: net::ERR_NAME_NOT_RESOLVED at http://gcreddy.com/project/admin/login.php
=========================== logs ===========================
navigating to "http://gcreddy.com/project/admin/login.php", waiting until "load"
============================================================
    at FrameSession._navigate (C:\Users\DELL\AppData\Local\Temp\playwright-java-2541282771639552651\package\lib\server\chromium\crPage.js:506:35)
    at async Frame._gotoAction (C:\Users\DELL\AppData\Local\Temp\playwright-java-2541282771639552651\package\lib\server\frames.js:534:28)
}
at com.microsoft.playwright.impl.WaitableResult.get(WaitableResult.java:54)
at com.microsoft.playwright.impl.ChannelOwner.runUntil(ChannelOwner.java:120)
at com.microsoft.playwright.impl.Connection.sendMessage(Connection.java:126)
at com.microsoft.playwright.impl.ChannelOwner.sendMessage(ChannelOwner.java:106)
at com.microsoft.playwright.impl.FrameImpl.navigateImpl(FrameImpl.java:463)
at com.microsoft.playwright.impl.PageImpl.lambda$navigate$45(PageImpl.java:827)
at com.microsoft.playwright.impl.LoggingSupport.withLogging(LoggingSupport.java:47)
at com.microsoft.playwright.impl.ChannelOwner.withLogging(ChannelOwner.java:89)
at com.microsoft.playwright.impl.PageImpl.navigate(PageImpl.java:827)
at com.microsoft.playwright.impl.PageImpl.navigate(PageImpl.java:42)
at com.microsoft.playwright.Page.navigate(Page.java:5282)
at com.qa.adminPages.AdminLoginPage.goToAdminLoginPage(AdminLoginPage.java:24)
at com.qa.adminTest.AdminLoginTest.login_Test(AdminLoginTest.java:27)
at java.base/java.util.ArrayList.forEach(ArrayList.java:1511)
Caused by: com.microsoft.playwright.impl.DriverException: Error {
  message='net::ERR_NAME_NOT_RESOLVED at http://gcreddy.com/project/admin/login.php
=========================== logs ===========================
navigating to "http://gcreddy.com/project/admin/login.php", waiting until "load"
============================================================
  name='Error
  stack='Error: net::ERR_NAME_NOT_RESOLVED at http://gcreddy.com/project/admin/login.php
=========================== logs ===========================
navigating to "http://gcreddy.com/project/admin/login.php", waiting until "load"
============================================================
    at FrameSession._navigate (C:\Users\DELL\AppData\Local\Temp\playwright-java-2541282771639552651\package\lib\server\chromium\crPage.js:506:35)
    at async Frame._gotoAction (C:\Users\DELL\AppData\Local\Temp\playwright-java-2541282771639552651\package\lib\server\frames.js:534:28)
}
at com.microsoft.playwright.impl.Connection.dispatch(Connection.java:226)
at com.microsoft.playwright.impl.Connection.processOneMessage(Connection.java:206)
at com.microsoft.playwright.impl.ChannelOwner.runUntil(ChannelOwner.java:118)
... 39 more
... Removed 27 stack frames]]>
    </failure>
  </testcase> <!-- login_Test -->
  <testcase classname="com.qa.adminTest.AdminLoginTest" name="login_With_Invalid_Data" time="3.052">
    <failure type="com.microsoft.playwright.PlaywrightException" message="Error {
  message=&amp;apos;net::ERR_NAME_NOT_RESOLVED at http://gcreddy.com/project/admin/login.php
=========================== logs ===========================
navigating to &amp;quot;http://gcreddy.com/project/admin/login.php&amp;quot;, waiting until &amp;quot;load&amp;quot;
============================================================
  name=&amp;apos;Error
  stack=&amp;apos;Error: net::ERR_NAME_NOT_RESOLVED at http://gcreddy.com/project/admin/login.php
=========================== logs ===========================
navigating to &amp;quot;http://gcreddy.com/project/admin/login.php&amp;quot;, waiting until &amp;quot;load&amp;quot;
============================================================
    at FrameSession._navigate (C:\Users\DELL\AppData\Local\Temp\playwright-java-2541282771639552651\package\lib\server\chromium\crPage.js:506:35)
    at async Frame._gotoAction (C:\Users\DELL\AppData\Local\Temp\playwright-java-2541282771639552651\package\lib\server\frames.js:534:28)
}">
      <![CDATA[com.microsoft.playwright.PlaywrightException: Error {
  message='net::ERR_NAME_NOT_RESOLVED at http://gcreddy.com/project/admin/login.php
=========================== logs ===========================
navigating to "http://gcreddy.com/project/admin/login.php", waiting until "load"
============================================================
  name='Error
  stack='Error: net::ERR_NAME_NOT_RESOLVED at http://gcreddy.com/project/admin/login.php
=========================== logs ===========================
navigating to "http://gcreddy.com/project/admin/login.php", waiting until "load"
============================================================
    at FrameSession._navigate (C:\Users\DELL\AppData\Local\Temp\playwright-java-2541282771639552651\package\lib\server\chromium\crPage.js:506:35)
    at async Frame._gotoAction (C:\Users\DELL\AppData\Local\Temp\playwright-java-2541282771639552651\package\lib\server\frames.js:534:28)
}
at com.microsoft.playwright.impl.WaitableResult.get(WaitableResult.java:54)
at com.microsoft.playwright.impl.ChannelOwner.runUntil(ChannelOwner.java:120)
at com.microsoft.playwright.impl.Connection.sendMessage(Connection.java:126)
at com.microsoft.playwright.impl.ChannelOwner.sendMessage(ChannelOwner.java:106)
at com.microsoft.playwright.impl.FrameImpl.navigateImpl(FrameImpl.java:463)
at com.microsoft.playwright.impl.PageImpl.lambda$navigate$45(PageImpl.java:827)
at com.microsoft.playwright.impl.LoggingSupport.withLogging(LoggingSupport.java:47)
at com.microsoft.playwright.impl.ChannelOwner.withLogging(ChannelOwner.java:89)
at com.microsoft.playwright.impl.PageImpl.navigate(PageImpl.java:827)
at com.microsoft.playwright.impl.PageImpl.navigate(PageImpl.java:42)
at com.microsoft.playwright.Page.navigate(Page.java:5282)
at com.qa.adminPages.AdminLoginPage.goToAdminLoginPage(AdminLoginPage.java:24)
at com.qa.adminTest.AdminLoginTest.login_With_Invalid_Data(AdminLoginTest.java:53)
at java.base/java.util.ArrayList.forEach(ArrayList.java:1511)
Caused by: com.microsoft.playwright.impl.DriverException: Error {
  message='net::ERR_NAME_NOT_RESOLVED at http://gcreddy.com/project/admin/login.php
=========================== logs ===========================
navigating to "http://gcreddy.com/project/admin/login.php", waiting until "load"
============================================================
  name='Error
  stack='Error: net::ERR_NAME_NOT_RESOLVED at http://gcreddy.com/project/admin/login.php
=========================== logs ===========================
navigating to "http://gcreddy.com/project/admin/login.php", waiting until "load"
============================================================
    at FrameSession._navigate (C:\Users\DELL\AppData\Local\Temp\playwright-java-2541282771639552651\package\lib\server\chromium\crPage.js:506:35)
    at async Frame._gotoAction (C:\Users\DELL\AppData\Local\Temp\playwright-java-2541282771639552651\package\lib\server\frames.js:534:28)
}
at com.microsoft.playwright.impl.Connection.dispatch(Connection.java:226)
at com.microsoft.playwright.impl.Connection.processOneMessage(Connection.java:206)
at com.microsoft.playwright.impl.ChannelOwner.runUntil(ChannelOwner.java:118)
... 39 more
... Removed 27 stack frames]]>
    </failure>
  </testcase> <!-- login_With_Invalid_Data -->
  <testcase classname="com.qa.base.BaseTest" name="@AfterTest tearDown" time="0.0">
    <ignored/>
  </testcase> <!-- @AfterTest tearDown -->
  <testcase classname="com.qa.base.BaseTest" name="@AfterTest tearDown" time="0.0">
    <ignored/>
  </testcase> <!-- @AfterTest tearDown -->
  <testcase classname="com.qa.base.BaseTest" name="@AfterTest tearDown" time="0.0">
    <ignored/>
  </testcase> <!-- @AfterTest tearDown -->
  <testcase classname="com.qa.base.BaseTest" name="@AfterTest tearDown" time="0.0">
    <ignored/>
  </testcase> <!-- @AfterTest tearDown -->
  <testcase classname="com.qa.base.BaseTest" name="@AfterTest tearDown" time="0.0">
    <ignored/>
  </testcase> <!-- @AfterTest tearDown -->
  <testcase classname="com.qa.base.BaseTest" name="@AfterTest tearDown" time="0.0">
    <ignored/>
  </testcase> <!-- @AfterTest tearDown -->
</testsuite> <!-- GCR Shop Admin Test_chrome -->
