<?xml version="1.0" encoding="UTF-8"?>
<testng-results ignored="0" total="13" passed="10" failed="3" skipped="0">
  <reporter-output>
  </reporter-output>
  <suite started-at="2024-01-03T15:55:02 IST" name="GCR Shop Admin test Suite" finished-at="2024-01-03T15:57:30 IST" duration-ms="147719">
    <groups>
    </groups>
    <test started-at="2024-01-03T15:55:02 IST" name="GCR Shop Admin Login Test_chrome" finished-at="2024-01-03T15:55:30 IST" duration-ms="27391">
      <class name="com.qa.adminTest.AdminLoginTest">
        <test-method is-config="true" signature="setup(java.lang.String)[pri:0, instance:com.qa.adminTest.AdminLoginTest@31fa1761]" started-at="2024-01-03T15:55:02 IST" name="setup" finished-at="2024-01-03T15:55:14 IST" duration-ms="11167" status="PASS">
          <params>
            <param index="0">
              <value>
                <![CDATA[chromium]]>
              </value>
            </param>
          </params>
          <reporter-output>
          </reporter-output>
        </test-method> <!-- setup -->
        <test-method signature="loginTest()[pri:1, instance:com.qa.adminTest.AdminLoginTest@31fa1761]" started-at="2024-01-03T15:55:14 IST" name="loginTest" description="Login With Valid Data" finished-at="2024-01-03T15:55:18 IST" duration-ms="4604" status="PASS">
          <reporter-output>
          </reporter-output>
        </test-method> <!-- loginTest -->
        <test-method is-config="true" signature="beforeClass()[pri:0, instance:com.qa.adminTest.AdminLoginTest@31fa1761]" started-at="2024-01-03T15:55:14 IST" name="beforeClass" finished-at="2024-01-03T15:55:14 IST" duration-ms="0" status="PASS">
          <reporter-output>
          </reporter-output>
        </test-method> <!-- beforeClass -->
        <test-method is-config="true" signature="tearDown(org.testng.ITestResult)[pri:0, instance:com.qa.adminTest.AdminLoginTest@31fa1761]" started-at="2024-01-03T15:55:18 IST" name="tearDown" finished-at="2024-01-03T15:55:18 IST" duration-ms="1" status="PASS">
          <params>
            <param index="0">
              <value>
                <![CDATA[[TestResult name=loginTest status=SUCCESS method=AdminLoginTest.loginTest()[pri:1, instance:com.qa.adminTest.AdminLoginTest@31fa1761] output={null}]]]>
              </value>
            </param>
          </params>
          <reporter-output>
          </reporter-output>
        </test-method> <!-- tearDown -->
        <test-method signature="loginWithInvalidData()[pri:2, instance:com.qa.adminTest.AdminLoginTest@31fa1761]" started-at="2024-01-03T15:55:18 IST" name="loginWithInvalidData" description="Login With Invalid Data" finished-at="2024-01-03T15:55:28 IST" duration-ms="9707" status="PASS">
          <reporter-output>
          </reporter-output>
        </test-method> <!-- loginWithInvalidData -->
        <test-method is-config="true" signature="tearDown(org.testng.ITestResult)[pri:0, instance:com.qa.adminTest.AdminLoginTest@31fa1761]" started-at="2024-01-03T15:55:28 IST" name="tearDown" finished-at="2024-01-03T15:55:28 IST" duration-ms="0" status="PASS">
          <params>
            <param index="0">
              <value>
                <![CDATA[[TestResult name=loginWithInvalidData status=SUCCESS method=AdminLoginTest.loginWithInvalidData()[pri:2, instance:com.qa.adminTest.AdminLoginTest@31fa1761] output={null}]]]>
              </value>
            </param>
          </params>
          <reporter-output>
          </reporter-output>
        </test-method> <!-- tearDown -->
        <test-method is-config="true" signature="afterTest()[pri:0, instance:com.qa.adminTest.AdminLoginTest@31fa1761]" started-at="2024-01-03T15:55:28 IST" name="afterTest" finished-at="2024-01-03T15:55:30 IST" duration-ms="1892" status="PASS">
          <reporter-output>
          </reporter-output>
        </test-method> <!-- afterTest -->
      </class> <!-- com.qa.adminTest.AdminLoginTest -->
    </test> <!-- GCR Shop Admin Login Test_chrome -->
    <test started-at="2024-01-03T15:55:02 IST" name="GCR Shop Product Test_chrome" finished-at="2024-01-03T15:55:54 IST" duration-ms="51511">
      <class name="com.qa.adminTest.ProductTest">
        <test-method is-config="true" signature="setup(java.lang.String)[pri:0, instance:com.qa.adminTest.ProductTest@13e344d]" started-at="2024-01-03T15:55:02 IST" name="setup" finished-at="2024-01-03T15:55:14 IST" duration-ms="11167" status="PASS">
          <params>
            <param index="0">
              <value>
                <![CDATA[chromium]]>
              </value>
            </param>
          </params>
          <reporter-output>
          </reporter-output>
        </test-method> <!-- setup -->
        <test-method is-config="true" signature="beforeCalss()[pri:0, instance:com.qa.adminTest.ProductTest@13e344d]" started-at="2024-01-03T15:55:14 IST" name="beforeCalss" finished-at="2024-01-03T15:55:14 IST" duration-ms="1" status="PASS">
          <reporter-output>
          </reporter-output>
        </test-method> <!-- beforeCalss -->
        <test-method signature="addNewProduct()[pri:1, instance:com.qa.adminTest.ProductTest@13e344d]" started-at="2024-01-03T15:55:14 IST" name="addNewProduct" description="Add new Product" finished-at="2024-01-03T15:55:34 IST" duration-ms="20648" status="FAIL">
          <exception class="java.lang.AssertionError">
            <message>
              <![CDATA[expected [true] but found [false]]]>
            </message>
            <full-stacktrace>
              <![CDATA[java.lang.AssertionError: expected [true] but found [false]
at org.testng.Assert.fail(Assert.java:110)
at org.testng.Assert.failNotEquals(Assert.java:1577)
at org.testng.Assert.assertTrue(Assert.java:56)
at org.testng.Assert.assertTrue(Assert.java:66)
at com.qa.adminTest.ProductTest.addNewProduct(ProductTest.java:68)
at java.base/jdk.internal.reflect.NativeMethodAccessorImpl.invoke0(Native Method)
at java.base/jdk.internal.reflect.NativeMethodAccessorImpl.invoke(NativeMethodAccessorImpl.java:77)
at java.base/jdk.internal.reflect.DelegatingMethodAccessorImpl.invoke(DelegatingMethodAccessorImpl.java:43)
at java.base/java.lang.reflect.Method.invoke(Method.java:568)
at org.testng.internal.invokers.MethodInvocationHelper.invokeMethod(MethodInvocationHelper.java:139)
at org.testng.internal.invokers.TestInvoker.invokeMethod(TestInvoker.java:677)
at org.testng.internal.invokers.TestInvoker.invokeTestMethod(TestInvoker.java:221)
at org.testng.internal.invokers.MethodRunner.runInSequence(MethodRunner.java:50)
at org.testng.internal.invokers.TestInvoker$MethodInvocationAgent.invoke(TestInvoker.java:969)
at org.testng.internal.invokers.TestInvoker.invokeTestMethods(TestInvoker.java:194)
at org.testng.internal.invokers.TestMethodWorker.invokeTestMethods(TestMethodWorker.java:148)
at org.testng.internal.invokers.TestMethodWorker.run(TestMethodWorker.java:128)
at java.base/java.util.ArrayList.forEach(ArrayList.java:1511)
at org.testng.TestRunner.privateRun(TestRunner.java:829)
at org.testng.TestRunner.run(TestRunner.java:602)
at org.testng.SuiteRunner.runTest(SuiteRunner.java:437)
at org.testng.SuiteRunner$SuiteWorker.run(SuiteRunner.java:475)
at org.testng.internal.thread.ThreadUtil.lambda$execute$0(ThreadUtil.java:58)
at java.base/java.util.concurrent.FutureTask.run(FutureTask.java:264)
at java.base/java.util.concurrent.ThreadPoolExecutor.runWorker(ThreadPoolExecutor.java:1136)
at java.base/java.util.concurrent.ThreadPoolExecutor$Worker.run(ThreadPoolExecutor.java:635)
at java.base/java.lang.Thread.run(Thread.java:840)
]]>
            </full-stacktrace>
          </exception> <!-- java.lang.AssertionError -->
          <reporter-output>
          </reporter-output>
        </test-method> <!-- addNewProduct -->
        <test-method is-config="true" signature="tearDown(org.testng.ITestResult)[pri:0, instance:com.qa.adminTest.ProductTest@13e344d]" started-at="2024-01-03T15:55:34 IST" name="tearDown" finished-at="2024-01-03T15:55:35 IST" duration-ms="304" status="PASS">
          <params>
            <param index="0">
              <value>
                <![CDATA[[TestResult name=addNewProduct status=FAILURE method=ProductTest.addNewProduct()[pri:1, instance:com.qa.adminTest.ProductTest@13e344d] output={null}]]]>
              </value>
            </param>
          </params>
          <reporter-output>
          </reporter-output>
        </test-method> <!-- tearDown -->
        <test-method signature="addProductUnderCatgory()[pri:2, instance:com.qa.adminTest.ProductTest@13e344d]" started-at="2024-01-03T15:55:35 IST" name="addProductUnderCatgory" description="Add new Product in Category" finished-at="2024-01-03T15:55:54 IST" duration-ms="18986" status="FAIL">
          <exception class="java.lang.AssertionError">
            <message>
              <![CDATA[expected [true] but found [false]]]>
            </message>
            <full-stacktrace>
              <![CDATA[java.lang.AssertionError: expected [true] but found [false]
at org.testng.Assert.fail(Assert.java:110)
at org.testng.Assert.failNotEquals(Assert.java:1577)
at org.testng.Assert.assertTrue(Assert.java:56)
at org.testng.Assert.assertTrue(Assert.java:66)
at com.qa.adminTest.ProductTest.addProductUnderCatgory(ProductTest.java:100)
at java.base/jdk.internal.reflect.NativeMethodAccessorImpl.invoke0(Native Method)
at java.base/jdk.internal.reflect.NativeMethodAccessorImpl.invoke(NativeMethodAccessorImpl.java:77)
at java.base/jdk.internal.reflect.DelegatingMethodAccessorImpl.invoke(DelegatingMethodAccessorImpl.java:43)
at java.base/java.lang.reflect.Method.invoke(Method.java:568)
at org.testng.internal.invokers.MethodInvocationHelper.invokeMethod(MethodInvocationHelper.java:139)
at org.testng.internal.invokers.TestInvoker.invokeMethod(TestInvoker.java:677)
at org.testng.internal.invokers.TestInvoker.invokeTestMethod(TestInvoker.java:221)
at org.testng.internal.invokers.MethodRunner.runInSequence(MethodRunner.java:50)
at org.testng.internal.invokers.TestInvoker$MethodInvocationAgent.invoke(TestInvoker.java:969)
at org.testng.internal.invokers.TestInvoker.invokeTestMethods(TestInvoker.java:194)
at org.testng.internal.invokers.TestMethodWorker.invokeTestMethods(TestMethodWorker.java:148)
at org.testng.internal.invokers.TestMethodWorker.run(TestMethodWorker.java:128)
at java.base/java.util.ArrayList.forEach(ArrayList.java:1511)
at org.testng.TestRunner.privateRun(TestRunner.java:829)
at org.testng.TestRunner.run(TestRunner.java:602)
at org.testng.SuiteRunner.runTest(SuiteRunner.java:437)
at org.testng.SuiteRunner$SuiteWorker.run(SuiteRunner.java:475)
at org.testng.internal.thread.ThreadUtil.lambda$execute$0(ThreadUtil.java:58)
at java.base/java.util.concurrent.FutureTask.run(FutureTask.java:264)
at java.base/java.util.concurrent.ThreadPoolExecutor.runWorker(ThreadPoolExecutor.java:1136)
at java.base/java.util.concurrent.ThreadPoolExecutor$Worker.run(ThreadPoolExecutor.java:635)
at java.base/java.lang.Thread.run(Thread.java:840)
]]>
            </full-stacktrace>
          </exception> <!-- java.lang.AssertionError -->
          <reporter-output>
          </reporter-output>
        </test-method> <!-- addProductUnderCatgory -->
        <test-method is-config="true" signature="tearDown(org.testng.ITestResult)[pri:0, instance:com.qa.adminTest.ProductTest@13e344d]" started-at="2024-01-03T15:55:54 IST" name="tearDown" finished-at="2024-01-03T15:55:54 IST" duration-ms="104" status="PASS">
          <params>
            <param index="0">
              <value>
                <![CDATA[[TestResult name=addProductUnderCatgory status=FAILURE method=ProductTest.addProductUnderCatgory()[pri:2, instance:com.qa.adminTest.ProductTest@13e344d] output={null}]]]>
              </value>
            </param>
          </params>
          <reporter-output>
          </reporter-output>
        </test-method> <!-- tearDown -->
        <test-method is-config="true" signature="afterTest()[pri:0, instance:com.qa.adminTest.ProductTest@13e344d]" started-at="2024-01-03T15:55:54 IST" name="afterTest" finished-at="2024-01-03T15:55:54 IST" duration-ms="285" status="PASS">
          <reporter-output>
          </reporter-output>
        </test-method> <!-- afterTest -->
        <test-method is-config="true" signature="afterSuit()[pri:0, instance:com.qa.adminTest.ProductTest@13e344d]" started-at="2024-01-03T15:57:30 IST" name="afterSuit" finished-at="2024-01-03T15:57:31 IST" duration-ms="886" status="PASS">
          <reporter-output>
          </reporter-output>
        </test-method> <!-- afterSuit -->
      </class> <!-- com.qa.adminTest.ProductTest -->
    </test> <!-- GCR Shop Product Test_chrome -->
    <test started-at="2024-01-03T15:55:02 IST" name="GCR Shop Categories Test_chrome" finished-at="2024-01-03T15:56:14 IST" duration-ms="71572">
      <class name="com.qa.adminTest.CategoriesTest">
        <test-method is-config="true" signature="setup(java.lang.String)[pri:0, instance:com.qa.adminTest.CategoriesTest@38cee291]" started-at="2024-01-03T15:55:02 IST" name="setup" finished-at="2024-01-03T15:55:13 IST" duration-ms="10962" status="PASS">
          <params>
            <param index="0">
              <value>
                <![CDATA[chromium]]>
              </value>
            </param>
          </params>
          <reporter-output>
          </reporter-output>
        </test-method> <!-- setup -->
        <test-method is-config="true" signature="beforeCalss()[pri:0, instance:com.qa.adminTest.CategoriesTest@38cee291]" started-at="2024-01-03T15:55:14 IST" name="beforeCalss" finished-at="2024-01-03T15:55:14 IST" duration-ms="4" status="PASS">
          <reporter-output>
          </reporter-output>
        </test-method> <!-- beforeCalss -->
        <test-method signature="createNewCategory()[pri:1, instance:com.qa.adminTest.CategoriesTest@38cee291]" started-at="2024-01-03T15:55:14 IST" name="createNewCategory" description="Add new Category" finished-at="2024-01-03T15:55:33 IST" duration-ms="19018" status="FAIL">
          <exception class="java.lang.AssertionError">
            <message>
              <![CDATA[expected [true] but found [false]]]>
            </message>
            <full-stacktrace>
              <![CDATA[java.lang.AssertionError: expected [true] but found [false]
at org.testng.Assert.fail(Assert.java:110)
at org.testng.Assert.failNotEquals(Assert.java:1577)
at org.testng.Assert.assertTrue(Assert.java:56)
at org.testng.Assert.assertTrue(Assert.java:66)
at com.qa.adminTest.CategoriesTest.createNewCategory(CategoriesTest.java:48)
at java.base/jdk.internal.reflect.NativeMethodAccessorImpl.invoke0(Native Method)
at java.base/jdk.internal.reflect.NativeMethodAccessorImpl.invoke(NativeMethodAccessorImpl.java:77)
at java.base/jdk.internal.reflect.DelegatingMethodAccessorImpl.invoke(DelegatingMethodAccessorImpl.java:43)
at java.base/java.lang.reflect.Method.invoke(Method.java:568)
at org.testng.internal.invokers.MethodInvocationHelper.invokeMethod(MethodInvocationHelper.java:139)
at org.testng.internal.invokers.TestInvoker.invokeMethod(TestInvoker.java:677)
at org.testng.internal.invokers.TestInvoker.invokeTestMethod(TestInvoker.java:221)
at org.testng.internal.invokers.MethodRunner.runInSequence(MethodRunner.java:50)
at org.testng.internal.invokers.TestInvoker$MethodInvocationAgent.invoke(TestInvoker.java:969)
at org.testng.internal.invokers.TestInvoker.invokeTestMethods(TestInvoker.java:194)
at org.testng.internal.invokers.TestMethodWorker.invokeTestMethods(TestMethodWorker.java:148)
at org.testng.internal.invokers.TestMethodWorker.run(TestMethodWorker.java:128)
at java.base/java.util.ArrayList.forEach(ArrayList.java:1511)
at org.testng.TestRunner.privateRun(TestRunner.java:829)
at org.testng.TestRunner.run(TestRunner.java:602)
at org.testng.SuiteRunner.runTest(SuiteRunner.java:437)
at org.testng.SuiteRunner$SuiteWorker.run(SuiteRunner.java:475)
at org.testng.internal.thread.ThreadUtil.lambda$execute$0(ThreadUtil.java:58)
at java.base/java.util.concurrent.FutureTask.run(FutureTask.java:264)
at java.base/java.util.concurrent.ThreadPoolExecutor.runWorker(ThreadPoolExecutor.java:1136)
at java.base/java.util.concurrent.ThreadPoolExecutor$Worker.run(ThreadPoolExecutor.java:635)
at java.base/java.lang.Thread.run(Thread.java:840)
]]>
            </full-stacktrace>
          </exception> <!-- java.lang.AssertionError -->
          <reporter-output>
          </reporter-output>
        </test-method> <!-- createNewCategory -->
        <test-method is-config="true" signature="tearDown(org.testng.ITestResult)[pri:0, instance:com.qa.adminTest.CategoriesTest@38cee291]" started-at="2024-01-03T15:55:33 IST" name="tearDown" finished-at="2024-01-03T15:55:33 IST" duration-ms="283" status="PASS">
          <params>
            <param index="0">
              <value>
                <![CDATA[[TestResult name=createNewCategory status=FAILURE method=CategoriesTest.createNewCategory()[pri:1, instance:com.qa.adminTest.CategoriesTest@38cee291] output={null}]]]>
              </value>
            </param>
          </params>
          <reporter-output>
          </reporter-output>
        </test-method> <!-- tearDown -->
        <test-method signature="updateCategory()[pri:2, instance:com.qa.adminTest.CategoriesTest@38cee291]" started-at="2024-01-03T15:55:33 IST" name="updateCategory" description="Update added category" finished-at="2024-01-03T15:55:48 IST" duration-ms="15293" status="PASS">
          <reporter-output>
          </reporter-output>
        </test-method> <!-- updateCategory -->
        <test-method signature="deleteCategory()[pri:3, instance:com.qa.adminTest.CategoriesTest@38cee291]" started-at="2024-01-03T15:55:48 IST" name="deleteCategory" description="Delete category" finished-at="2024-01-03T15:55:55 IST" duration-ms="7332" status="PASS">
          <reporter-output>
          </reporter-output>
        </test-method> <!-- deleteCategory -->
        <test-method is-config="true" signature="tearDown(org.testng.ITestResult)[pri:0, instance:com.qa.adminTest.CategoriesTest@38cee291]" started-at="2024-01-03T15:55:48 IST" name="tearDown" finished-at="2024-01-03T15:55:48 IST" duration-ms="0" status="PASS">
          <params>
            <param index="0">
              <value>
                <![CDATA[[TestResult name=updateCategory status=SUCCESS method=CategoriesTest.updateCategory()[pri:2, instance:com.qa.adminTest.CategoriesTest@38cee291] output={null}]]]>
              </value>
            </param>
          </params>
          <reporter-output>
          </reporter-output>
        </test-method> <!-- tearDown -->
        <test-method is-config="true" signature="tearDown(org.testng.ITestResult)[pri:0, instance:com.qa.adminTest.CategoriesTest@38cee291]" started-at="2024-01-03T15:55:55 IST" name="tearDown" finished-at="2024-01-03T15:55:55 IST" duration-ms="0" status="PASS">
          <params>
            <param index="0">
              <value>
                <![CDATA[[TestResult name=deleteCategory status=SUCCESS method=CategoriesTest.deleteCategory()[pri:3, instance:com.qa.adminTest.CategoriesTest@38cee291] output={null}]]]>
              </value>
            </param>
          </params>
          <reporter-output>
          </reporter-output>
        </test-method> <!-- tearDown -->
        <test-method signature="addSubcategoryInCategory()[pri:4, instance:com.qa.adminTest.CategoriesTest@38cee291]" started-at="2024-01-03T15:55:55 IST" name="addSubcategoryInCategory" description="Add new subcategory in category" finished-at="2024-01-03T15:56:02 IST" duration-ms="6514" status="PASS">
          <reporter-output>
          </reporter-output>
        </test-method> <!-- addSubcategoryInCategory -->
        <test-method is-config="true" signature="tearDown(org.testng.ITestResult)[pri:0, instance:com.qa.adminTest.CategoriesTest@38cee291]" started-at="2024-01-03T15:56:02 IST" name="tearDown" finished-at="2024-01-03T15:56:02 IST" duration-ms="0" status="PASS">
          <params>
            <param index="0">
              <value>
                <![CDATA[[TestResult name=addSubcategoryInCategory status=SUCCESS method=CategoriesTest.addSubcategoryInCategory()[pri:4, instance:com.qa.adminTest.CategoriesTest@38cee291] output={null}]]]>
              </value>
            </param>
          </params>
          <reporter-output>
          </reporter-output>
        </test-method> <!-- tearDown -->
        <test-method signature="updateSubcategory()[pri:5, instance:com.qa.adminTest.CategoriesTest@38cee291]" started-at="2024-01-03T15:56:02 IST" name="updateSubcategory" description="Update subcategory" finished-at="2024-01-03T15:56:07 IST" duration-ms="5404" status="PASS">
          <reporter-output>
          </reporter-output>
        </test-method> <!-- updateSubcategory -->
        <test-method is-config="true" signature="tearDown(org.testng.ITestResult)[pri:0, instance:com.qa.adminTest.CategoriesTest@38cee291]" started-at="2024-01-03T15:56:07 IST" name="tearDown" finished-at="2024-01-03T15:56:07 IST" duration-ms="1" status="PASS">
          <params>
            <param index="0">
              <value>
                <![CDATA[[TestResult name=updateSubcategory status=SUCCESS method=CategoriesTest.updateSubcategory()[pri:5, instance:com.qa.adminTest.CategoriesTest@38cee291] output={null}]]]>
              </value>
            </param>
          </params>
          <reporter-output>
          </reporter-output>
        </test-method> <!-- tearDown -->
        <test-method signature="deleteSubcategory()[pri:6, instance:com.qa.adminTest.CategoriesTest@38cee291]" started-at="2024-01-03T15:56:07 IST" name="deleteSubcategory" description="Delete Category and Subcategory" finished-at="2024-01-03T15:56:14 IST" duration-ms="6364" status="PASS">
          <reporter-output>
          </reporter-output>
        </test-method> <!-- deleteSubcategory -->
        <test-method is-config="true" signature="tearDown(org.testng.ITestResult)[pri:0, instance:com.qa.adminTest.CategoriesTest@38cee291]" started-at="2024-01-03T15:56:14 IST" name="tearDown" finished-at="2024-01-03T15:56:14 IST" duration-ms="1" status="PASS">
          <params>
            <param index="0">
              <value>
                <![CDATA[[TestResult name=deleteSubcategory status=SUCCESS method=CategoriesTest.deleteSubcategory()[pri:6, instance:com.qa.adminTest.CategoriesTest@38cee291] output={null}]]]>
              </value>
            </param>
          </params>
          <reporter-output>
          </reporter-output>
        </test-method> <!-- tearDown -->
        <test-method is-config="true" signature="afterTest()[pri:0, instance:com.qa.adminTest.CategoriesTest@38cee291]" started-at="2024-01-03T15:56:14 IST" name="afterTest" finished-at="2024-01-03T15:56:14 IST" duration-ms="308" status="PASS">
          <reporter-output>
          </reporter-output>
        </test-method> <!-- afterTest -->
      </class> <!-- com.qa.adminTest.CategoriesTest -->
    </test> <!-- GCR Shop Categories Test_chrome -->
    <test started-at="2024-01-03T15:55:02 IST" name="GCR Shop Manufacturers Test_chrome" finished-at="2024-01-03T15:57:30 IST" duration-ms="147719">
      <class name="com.qa.adminTest.ManufacturersTest">
        <test-method is-config="true" signature="setup(java.lang.String)[pri:0, instance:com.qa.adminTest.ManufacturersTest@25641d39]" started-at="2024-01-03T15:55:02 IST" name="setup" finished-at="2024-01-03T15:55:13 IST" duration-ms="10963" status="PASS">
          <params>
            <param index="0">
              <value>
                <![CDATA[chromium]]>
              </value>
            </param>
          </params>
          <reporter-output>
          </reporter-output>
        </test-method> <!-- setup -->
        <test-method is-config="true" signature="beforeCalss()[pri:0, instance:com.qa.adminTest.ManufacturersTest@25641d39]" started-at="2024-01-03T15:55:14 IST" name="beforeCalss" finished-at="2024-01-03T15:55:14 IST" duration-ms="4" status="PASS">
          <reporter-output>
          </reporter-output>
        </test-method> <!-- beforeCalss -->
        <test-method signature="addNewManufacture()[pri:1, instance:com.qa.adminTest.ManufacturersTest@25641d39]" started-at="2024-01-03T15:55:14 IST" name="addNewManufacture" description="Add new Manufacture" finished-at="2024-01-03T15:55:58 IST" duration-ms="44338" status="PASS">
          <reporter-output>
          </reporter-output>
        </test-method> <!-- addNewManufacture -->
        <test-method is-config="true" signature="tearDown(org.testng.ITestResult)[pri:0, instance:com.qa.adminTest.ManufacturersTest@25641d39]" started-at="2024-01-03T15:55:58 IST" name="tearDown" finished-at="2024-01-03T15:55:58 IST" duration-ms="0" status="PASS">
          <params>
            <param index="0">
              <value>
                <![CDATA[[TestResult name=addNewManufacture status=SUCCESS method=ManufacturersTest.addNewManufacture()[pri:1, instance:com.qa.adminTest.ManufacturersTest@25641d39] output={null}]]]>
              </value>
            </param>
          </params>
          <reporter-output>
          </reporter-output>
        </test-method> <!-- tearDown -->
        <test-method signature="updateManufacturer()[pri:2, instance:com.qa.adminTest.ManufacturersTest@25641d39]" started-at="2024-01-03T15:55:58 IST" name="updateManufacturer" description="Update Manufacture" finished-at="2024-01-03T15:56:19 IST" duration-ms="21196" status="PASS">
          <reporter-output>
          </reporter-output>
        </test-method> <!-- updateManufacturer -->
        <test-method is-config="true" signature="tearDown(org.testng.ITestResult)[pri:0, instance:com.qa.adminTest.ManufacturersTest@25641d39]" started-at="2024-01-03T15:56:19 IST" name="tearDown" finished-at="2024-01-03T15:56:19 IST" duration-ms="1" status="PASS">
          <params>
            <param index="0">
              <value>
                <![CDATA[[TestResult name=updateManufacturer status=SUCCESS method=ManufacturersTest.updateManufacturer()[pri:2, instance:com.qa.adminTest.ManufacturersTest@25641d39] output={null}]]]>
              </value>
            </param>
          </params>
          <reporter-output>
          </reporter-output>
        </test-method> <!-- tearDown -->
        <test-method signature="deleteManufacturer()[pri:3, instance:com.qa.adminTest.ManufacturersTest@25641d39]" started-at="2024-01-03T15:56:19 IST" name="deleteManufacturer" description="Delete Manufacture" finished-at="2024-01-03T15:57:29 IST" duration-ms="70205" status="PASS">
          <reporter-output>
          </reporter-output>
        </test-method> <!-- deleteManufacturer -->
        <test-method is-config="true" signature="tearDown(org.testng.ITestResult)[pri:0, instance:com.qa.adminTest.ManufacturersTest@25641d39]" started-at="2024-01-03T15:57:29 IST" name="tearDown" finished-at="2024-01-03T15:57:29 IST" duration-ms="1" status="PASS">
          <params>
            <param index="0">
              <value>
                <![CDATA[[TestResult name=deleteManufacturer status=SUCCESS method=ManufacturersTest.deleteManufacturer()[pri:3, instance:com.qa.adminTest.ManufacturersTest@25641d39] output={null}]]]>
              </value>
            </param>
          </params>
          <reporter-output>
          </reporter-output>
        </test-method> <!-- tearDown -->
        <test-method is-config="true" signature="afterTest()[pri:0, instance:com.qa.adminTest.ManufacturersTest@25641d39]" started-at="2024-01-03T15:57:29 IST" name="afterTest" finished-at="2024-01-03T15:57:30 IST" duration-ms="928" status="PASS">
          <reporter-output>
          </reporter-output>
        </test-method> <!-- afterTest -->
      </class> <!-- com.qa.adminTest.ManufacturersTest -->
    </test> <!-- GCR Shop Manufacturers Test_chrome -->
  </suite> <!-- GCR Shop Admin test Suite -->
</testng-results>
